<?xml version="1.0" encoding="utf-8"?><testsuites name="pytest tests"><testsuite name="pytest" errors="0" failures="0" skipped="0" tests="13" time="2.693" timestamp="2026-07-22T21:46:53.165154+00:00" hostname="agent-env-9c9aa87b-258c-4f35-88fa-b99a7756628c"><testcase classname="tests.test_game_master_bkft_fulfillment" name="test_resolver_returns_correct_file_key[offline-game-master-bkft-bm1-all-digital-expected0]" time="0.689" /><testcase classname="tests.test_game_master_bkft_fulfillment" name="test_resolver_returns_correct_file_key[offline-game-master-bkft-bm2-all-digital-expected1]" time="0.001" /><testcase classname="tests.test_game_master_bkft_fulfillment" name="test_resolver_returns_correct_file_key[offline-game-master-bkft-bm3-all-digital-expected2]" time="0.001" /><testcase classname="tests.test_game_master_bkft_fulfillment" name="test_resolver_returns_correct_file_key[offline-game-master-bkft-bundle-all-digital-expected3]" time="0.001" /><testcase classname="tests.test_game_master_bkft_fulfillment" name="test_get_pdf_path_returns_correct_storage[offline-game-master-bkft-bm1-all-digital-expected0]" time="0.001" /><testcase classname="tests.test_game_master_bkft_fulfillment" name="test_get_pdf_path_returns_correct_storage[offline-game-master-bkft-bm2-all-digital-expected1]" time="0.001" /><testcase classname="tests.test_game_master_bkft_fulfillment" name="test_get_pdf_path_returns_correct_storage[offline-game-master-bkft-bm3-all-digital-expected2]" time="0.001" /><testcase classname="tests.test_game_master_bkft_fulfillment" name="test_get_pdf_path_returns_correct_storage[offline-game-master-bkft-bundle-all-digital-expected3]" time="0.001" /><testcase classname="tests.test_game_master_bkft_fulfillment" name="test_object_storage_serves_correct_file[offline-game-master-bkft-bm1-all-digital-expected0]" time="0.520" /><testcase classname="tests.test_game_master_bkft_fulfillment" name="test_object_storage_serves_correct_file[offline-game-master-bkft-bm2-all-digital-expected1]" time="0.512" /><testcase classname="tests.test_game_master_bkft_fulfillment" name="test_object_storage_serves_correct_file[offline-game-master-bkft-bm3-all-digital-expected2]" time="0.337" /><testcase classname="tests.test_game_master_bkft_fulfillment" name="test_object_storage_serves_correct_file[offline-game-master-bkft-bundle-all-digital-expected3]" time="0.600" /><testcase classname="tests.test_game_master_bkft_fulfillment" name="test_all_four_files_are_distinct" time="0.003" /></testsuite></testsuites>