<?xml version="1.0" encoding="utf-8"?><testsuites name="pytest tests"><testsuite name="pytest" errors="0" failures="4" skipped="0" tests="5" time="6.237" timestamp="2026-07-22T21:53:43.802713+00:00" hostname="agent-env-9c9aa87b-258c-4f35-88fa-b99a7756628c"><testcase classname="tests.test_game_master_bkft_download" name="test_download_endpoint_serves_correct_pdf[offline-game-master-bkft-bm1-all-digital-SOFU_BKFT_BM1_GM_v9.pdf-4055139]" time="1.601"><failure message="AssertionError: Filename 'SOFU_BKFT_BM1_GM_v9.pdf' not in Content-Disposition 'attachment; filename=&quot;SoulFood_Offline_Game_Master___Breakfast_Edition__offline-game-master-bkft-bm1-all-digital_.pdf&quot;' for offline-game-master-bkft-bm1-all-digital&#10;assert ('sofu_bkft_bm1_gm_v9.pdf' in 'attachment; filename=&quot;soulfood_offline_game_master___breakfast_edition__offline-game-master-bkft-bm1-all-digital_.pdf&quot;' or 'sofu%5fbkft%5fbm1%5fgm%5fv9.pdf' in 'attachment; filename=&quot;soulfood_offline_game_master___breakfast_edition__offline-game-master-bkft-bm1-all-digital_.pdf&quot;')&#10; +  where 'sofu_bkft_bm1_gm_v9.pdf' = &lt;built-in method lower of str object at 0xfde4ec8f0f80&gt;()&#10; +    where &lt;built-in method lower of str object at 0xfde4ec8f0f80&gt; = 'SOFU_BKFT_BM1_GM_v9.pdf'.lower&#10; +  and   'attachment; filename=&quot;soulfood_offline_game_master___breakfast_edition__offline-game-master-bkft-bm1-all-digital_.pdf&quot;' = &lt;built-in method lower of str object at 0xfde4e86dc870&gt;()&#10; +    where &lt;built-in method lower of str object at 0xfde4e86dc870&gt; = 'attachment; filename=&quot;SoulFood_Offline_Game_Master___Breakfast_Edition__offline-game-master-bkft-bm1-all-digital_.pdf&quot;'.lower&#10; +  and   'sofu%5fbkft%5fbm1%5fgm%5fv9.pdf' = &lt;built-in method replace of str object at 0xfde4e85e1430&gt;('_', '%5f')&#10; +    where &lt;built-in method replace of str object at 0xfde4e85e1430&gt; = 'sofu_bkft_bm1_gm_v9.pdf'.replace&#10; +      where 'sofu_bkft_bm1_gm_v9.pdf' = &lt;built-in method lower of str object at 0xfde4ec8f0f80&gt;()&#10; +        where &lt;built-in method lower of str object at 0xfde4ec8f0f80&gt; = 'SOFU_BKFT_BM1_GM_v9.pdf'.lower&#10; +  and   'attachment; filename=&quot;soulfood_offline_game_master___breakfast_edition__offline-game-master-bkft-bm1-all-digital_.pdf&quot;' = &lt;built-in method lower of str object at 0xfde4e86dc870&gt;()&#10; +    where &lt;built-in method lower of str object at 0xfde4e86dc870&gt; = 'attachment; filename=&quot;SoulFood_Offline_Game_Master___Breakfast_Edition__offline-game-master-bkft-bm1-all-digital_.pdf&quot;'.lower">tests/test_game_master_bkft_download.py:101: in test_download_endpoint_serves_correct_pdf
    assert expected_filename.lower() in cd.lower() or expected_filename.lower().replace("_", "%5f") in cd.lower(), (
E   AssertionError: Filename 'SOFU_BKFT_BM1_GM_v9.pdf' not in Content-Disposition 'attachment; filename="SoulFood_Offline_Game_Master___Breakfast_Edition__offline-game-master-bkft-bm1-all-digital_.pdf"' for offline-game-master-bkft-bm1-all-digital
E   assert ('sofu_bkft_bm1_gm_v9.pdf' in 'attachment; filename="soulfood_offline_game_master___breakfast_edition__offline-game-master-bkft-bm1-all-digital_.pdf"' or 'sofu%5fbkft%5fbm1%5fgm%5fv9.pdf' in 'attachment; filename="soulfood_offline_game_master___breakfast_edition__offline-game-master-bkft-bm1-all-digital_.pdf"')
E    +  where 'sofu_bkft_bm1_gm_v9.pdf' = &lt;built-in method lower of str object at 0xfde4ec8f0f80&gt;()
E    +    where &lt;built-in method lower of str object at 0xfde4ec8f0f80&gt; = 'SOFU_BKFT_BM1_GM_v9.pdf'.lower
E    +  and   'attachment; filename="soulfood_offline_game_master___breakfast_edition__offline-game-master-bkft-bm1-all-digital_.pdf"' = &lt;built-in method lower of str object at 0xfde4e86dc870&gt;()
E    +    where &lt;built-in method lower of str object at 0xfde4e86dc870&gt; = 'attachment; filename="SoulFood_Offline_Game_Master___Breakfast_Edition__offline-game-master-bkft-bm1-all-digital_.pdf"'.lower
E    +  and   'sofu%5fbkft%5fbm1%5fgm%5fv9.pdf' = &lt;built-in method replace of str object at 0xfde4e85e1430&gt;('_', '%5f')
E    +    where &lt;built-in method replace of str object at 0xfde4e85e1430&gt; = 'sofu_bkft_bm1_gm_v9.pdf'.replace
E    +      where 'sofu_bkft_bm1_gm_v9.pdf' = &lt;built-in method lower of str object at 0xfde4ec8f0f80&gt;()
E    +        where &lt;built-in method lower of str object at 0xfde4ec8f0f80&gt; = 'SOFU_BKFT_BM1_GM_v9.pdf'.lower
E    +  and   'attachment; filename="soulfood_offline_game_master___breakfast_edition__offline-game-master-bkft-bm1-all-digital_.pdf"' = &lt;built-in method lower of str object at 0xfde4e86dc870&gt;()
E    +    where &lt;built-in method lower of str object at 0xfde4e86dc870&gt; = 'attachment; filename="SoulFood_Offline_Game_Master___Breakfast_Edition__offline-game-master-bkft-bm1-all-digital_.pdf"'.lower</failure></testcase><testcase classname="tests.test_game_master_bkft_download" name="test_download_endpoint_serves_correct_pdf[offline-game-master-bkft-bm2-all-digital-SOFU_BKFT_BM2_GM_v9.pdf-4123112]" time="0.572"><failure message="AssertionError: Filename 'SOFU_BKFT_BM2_GM_v9.pdf' not in Content-Disposition 'attachment; filename=&quot;SoulFood_Offline_Game_Master___Breakfast_Edition__offline-game-master-bkft-bm2-all-digital_.pdf&quot;' for offline-game-master-bkft-bm2-all-digital&#10;assert ('sofu_bkft_bm2_gm_v9.pdf' in 'attachment; filename=&quot;soulfood_offline_game_master___breakfast_edition__offline-game-master-bkft-bm2-all-digital_.pdf&quot;' or 'sofu%5fbkft%5fbm2%5fgm%5fv9.pdf' in 'attachment; filename=&quot;soulfood_offline_game_master___breakfast_edition__offline-game-master-bkft-bm2-all-digital_.pdf&quot;')&#10; +  where 'sofu_bkft_bm2_gm_v9.pdf' = &lt;built-in method lower of str object at 0xfde4ec8f3140&gt;()&#10; +    where &lt;built-in method lower of str object at 0xfde4ec8f3140&gt; = 'SOFU_BKFT_BM2_GM_v9.pdf'.lower&#10; +  and   'attachment; filename=&quot;soulfood_offline_game_master___breakfast_edition__offline-game-master-bkft-bm2-all-digital_.pdf&quot;' = &lt;built-in method lower of str object at 0xfde4e86dea20&gt;()&#10; +    where &lt;built-in method lower of str object at 0xfde4e86dea20&gt; = 'attachment; filename=&quot;SoulFood_Offline_Game_Master___Breakfast_Edition__offline-game-master-bkft-bm2-all-digital_.pdf&quot;'.lower&#10; +  and   'sofu%5fbkft%5fbm2%5fgm%5fv9.pdf' = &lt;built-in method replace of str object at 0xfde4e484b820&gt;('_', '%5f')&#10; +    where &lt;built-in method replace of str object at 0xfde4e484b820&gt; = 'sofu_bkft_bm2_gm_v9.pdf'.replace&#10; +      where 'sofu_bkft_bm2_gm_v9.pdf' = &lt;built-in method lower of str object at 0xfde4ec8f3140&gt;()&#10; +        where &lt;built-in method lower of str object at 0xfde4ec8f3140&gt; = 'SOFU_BKFT_BM2_GM_v9.pdf'.lower&#10; +  and   'attachment; filename=&quot;soulfood_offline_game_master___breakfast_edition__offline-game-master-bkft-bm2-all-digital_.pdf&quot;' = &lt;built-in method lower of str object at 0xfde4e86dea20&gt;()&#10; +    where &lt;built-in method lower of str object at 0xfde4e86dea20&gt; = 'attachment; filename=&quot;SoulFood_Offline_Game_Master___Breakfast_Edition__offline-game-master-bkft-bm2-all-digital_.pdf&quot;'.lower">tests/test_game_master_bkft_download.py:101: in test_download_endpoint_serves_correct_pdf
    assert expected_filename.lower() in cd.lower() or expected_filename.lower().replace("_", "%5f") in cd.lower(), (
E   AssertionError: Filename 'SOFU_BKFT_BM2_GM_v9.pdf' not in Content-Disposition 'attachment; filename="SoulFood_Offline_Game_Master___Breakfast_Edition__offline-game-master-bkft-bm2-all-digital_.pdf"' for offline-game-master-bkft-bm2-all-digital
E   assert ('sofu_bkft_bm2_gm_v9.pdf' in 'attachment; filename="soulfood_offline_game_master___breakfast_edition__offline-game-master-bkft-bm2-all-digital_.pdf"' or 'sofu%5fbkft%5fbm2%5fgm%5fv9.pdf' in 'attachment; filename="soulfood_offline_game_master___breakfast_edition__offline-game-master-bkft-bm2-all-digital_.pdf"')
E    +  where 'sofu_bkft_bm2_gm_v9.pdf' = &lt;built-in method lower of str object at 0xfde4ec8f3140&gt;()
E    +    where &lt;built-in method lower of str object at 0xfde4ec8f3140&gt; = 'SOFU_BKFT_BM2_GM_v9.pdf'.lower
E    +  and   'attachment; filename="soulfood_offline_game_master___breakfast_edition__offline-game-master-bkft-bm2-all-digital_.pdf"' = &lt;built-in method lower of str object at 0xfde4e86dea20&gt;()
E    +    where &lt;built-in method lower of str object at 0xfde4e86dea20&gt; = 'attachment; filename="SoulFood_Offline_Game_Master___Breakfast_Edition__offline-game-master-bkft-bm2-all-digital_.pdf"'.lower
E    +  and   'sofu%5fbkft%5fbm2%5fgm%5fv9.pdf' = &lt;built-in method replace of str object at 0xfde4e484b820&gt;('_', '%5f')
E    +    where &lt;built-in method replace of str object at 0xfde4e484b820&gt; = 'sofu_bkft_bm2_gm_v9.pdf'.replace
E    +      where 'sofu_bkft_bm2_gm_v9.pdf' = &lt;built-in method lower of str object at 0xfde4ec8f3140&gt;()
E    +        where &lt;built-in method lower of str object at 0xfde4ec8f3140&gt; = 'SOFU_BKFT_BM2_GM_v9.pdf'.lower
E    +  and   'attachment; filename="soulfood_offline_game_master___breakfast_edition__offline-game-master-bkft-bm2-all-digital_.pdf"' = &lt;built-in method lower of str object at 0xfde4e86dea20&gt;()
E    +    where &lt;built-in method lower of str object at 0xfde4e86dea20&gt; = 'attachment; filename="SoulFood_Offline_Game_Master___Breakfast_Edition__offline-game-master-bkft-bm2-all-digital_.pdf"'.lower</failure></testcase><testcase classname="tests.test_game_master_bkft_download" name="test_download_endpoint_serves_correct_pdf[offline-game-master-bkft-bm3-all-digital-SOFU_BKFT_BM3_GM_v9.pdf-4063857]" time="0.593"><failure message="AssertionError: Filename 'SOFU_BKFT_BM3_GM_v9.pdf' not in Content-Disposition 'attachment; filename=&quot;SoulFood_Offline_Game_Master___Breakfast_Edition__offline-game-master-bkft-bm3-all-digital_.pdf&quot;' for offline-game-master-bkft-bm3-all-digital&#10;assert ('sofu_bkft_bm3_gm_v9.pdf' in 'attachment; filename=&quot;soulfood_offline_game_master___breakfast_edition__offline-game-master-bkft-bm3-all-digital_.pdf&quot;' or 'sofu%5fbkft%5fbm3%5fgm%5fv9.pdf' in 'attachment; filename=&quot;soulfood_offline_game_master___breakfast_edition__offline-game-master-bkft-bm3-all-digital_.pdf&quot;')&#10; +  where 'sofu_bkft_bm3_gm_v9.pdf' = &lt;built-in method lower of str object at 0xfde4ec8f31e0&gt;()&#10; +    where &lt;built-in method lower of str object at 0xfde4ec8f31e0&gt; = 'SOFU_BKFT_BM3_GM_v9.pdf'.lower&#10; +  and   'attachment; filename=&quot;soulfood_offline_game_master___breakfast_edition__offline-game-master-bkft-bm3-all-digital_.pdf&quot;' = &lt;built-in method lower of str object at 0xfde4e86deef0&gt;()&#10; +    where &lt;built-in method lower of str object at 0xfde4e86deef0&gt; = 'attachment; filename=&quot;SoulFood_Offline_Game_Master___Breakfast_Edition__offline-game-master-bkft-bm3-all-digital_.pdf&quot;'.lower&#10; +  and   'sofu%5fbkft%5fbm3%5fgm%5fv9.pdf' = &lt;built-in method replace of str object at 0xfde4e4868a30&gt;('_', '%5f')&#10; +    where &lt;built-in method replace of str object at 0xfde4e4868a30&gt; = 'sofu_bkft_bm3_gm_v9.pdf'.replace&#10; +      where 'sofu_bkft_bm3_gm_v9.pdf' = &lt;built-in method lower of str object at 0xfde4ec8f31e0&gt;()&#10; +        where &lt;built-in method lower of str object at 0xfde4ec8f31e0&gt; = 'SOFU_BKFT_BM3_GM_v9.pdf'.lower&#10; +  and   'attachment; filename=&quot;soulfood_offline_game_master___breakfast_edition__offline-game-master-bkft-bm3-all-digital_.pdf&quot;' = &lt;built-in method lower of str object at 0xfde4e86deef0&gt;()&#10; +    where &lt;built-in method lower of str object at 0xfde4e86deef0&gt; = 'attachment; filename=&quot;SoulFood_Offline_Game_Master___Breakfast_Edition__offline-game-master-bkft-bm3-all-digital_.pdf&quot;'.lower">tests/test_game_master_bkft_download.py:101: in test_download_endpoint_serves_correct_pdf
    assert expected_filename.lower() in cd.lower() or expected_filename.lower().replace("_", "%5f") in cd.lower(), (
E   AssertionError: Filename 'SOFU_BKFT_BM3_GM_v9.pdf' not in Content-Disposition 'attachment; filename="SoulFood_Offline_Game_Master___Breakfast_Edition__offline-game-master-bkft-bm3-all-digital_.pdf"' for offline-game-master-bkft-bm3-all-digital
E   assert ('sofu_bkft_bm3_gm_v9.pdf' in 'attachment; filename="soulfood_offline_game_master___breakfast_edition__offline-game-master-bkft-bm3-all-digital_.pdf"' or 'sofu%5fbkft%5fbm3%5fgm%5fv9.pdf' in 'attachment; filename="soulfood_offline_game_master___breakfast_edition__offline-game-master-bkft-bm3-all-digital_.pdf"')
E    +  where 'sofu_bkft_bm3_gm_v9.pdf' = &lt;built-in method lower of str object at 0xfde4ec8f31e0&gt;()
E    +    where &lt;built-in method lower of str object at 0xfde4ec8f31e0&gt; = 'SOFU_BKFT_BM3_GM_v9.pdf'.lower
E    +  and   'attachment; filename="soulfood_offline_game_master___breakfast_edition__offline-game-master-bkft-bm3-all-digital_.pdf"' = &lt;built-in method lower of str object at 0xfde4e86deef0&gt;()
E    +    where &lt;built-in method lower of str object at 0xfde4e86deef0&gt; = 'attachment; filename="SoulFood_Offline_Game_Master___Breakfast_Edition__offline-game-master-bkft-bm3-all-digital_.pdf"'.lower
E    +  and   'sofu%5fbkft%5fbm3%5fgm%5fv9.pdf' = &lt;built-in method replace of str object at 0xfde4e4868a30&gt;('_', '%5f')
E    +    where &lt;built-in method replace of str object at 0xfde4e4868a30&gt; = 'sofu_bkft_bm3_gm_v9.pdf'.replace
E    +      where 'sofu_bkft_bm3_gm_v9.pdf' = &lt;built-in method lower of str object at 0xfde4ec8f31e0&gt;()
E    +        where &lt;built-in method lower of str object at 0xfde4ec8f31e0&gt; = 'SOFU_BKFT_BM3_GM_v9.pdf'.lower
E    +  and   'attachment; filename="soulfood_offline_game_master___breakfast_edition__offline-game-master-bkft-bm3-all-digital_.pdf"' = &lt;built-in method lower of str object at 0xfde4e86deef0&gt;()
E    +    where &lt;built-in method lower of str object at 0xfde4e86deef0&gt; = 'attachment; filename="SoulFood_Offline_Game_Master___Breakfast_Edition__offline-game-master-bkft-bm3-all-digital_.pdf"'.lower</failure></testcase><testcase classname="tests.test_game_master_bkft_download" name="test_download_endpoint_serves_correct_pdf[offline-game-master-bkft-bundle-all-digital-SOFU_BKFT_MAIN_GM_v9.pdf-4868510]" time="0.590"><failure message="AssertionError: Filename 'SOFU_BKFT_MAIN_GM_v9.pdf' not in Content-Disposition 'attachment; filename=&quot;SoulFood_Offline_Game_Master___Breakfast_Edition__offline-game-master-bkft-bundle-all-digital_.pdf&quot;' for offline-game-master-bkft-bundle-all-digital&#10;assert ('sofu_bkft_main_gm_v9.pdf' in 'attachment; filename=&quot;soulfood_offline_game_master___breakfast_edition__offline-game-master-bkft-bundle-all-digital_.pdf&quot;' or 'sofu%5fbkft%5fmain%5fgm%5fv9.pdf' in 'attachment; filename=&quot;soulfood_offline_game_master___breakfast_edition__offline-game-master-bkft-bundle-all-digital_.pdf&quot;')&#10; +  where 'sofu_bkft_main_gm_v9.pdf' = &lt;built-in method lower of str object at 0xfde4ec8f3280&gt;()&#10; +    where &lt;built-in method lower of str object at 0xfde4ec8f3280&gt; = 'SOFU_BKFT_MAIN_GM_v9.pdf'.lower&#10; +  and   'attachment; filename=&quot;soulfood_offline_game_master___breakfast_edition__offline-game-master-bkft-bundle-all-digital_.pdf&quot;' = &lt;built-in method lower of str object at 0xfde4e86df680&gt;()&#10; +    where &lt;built-in method lower of str object at 0xfde4e86df680&gt; = 'attachment; filename=&quot;SoulFood_Offline_Game_Master___Breakfast_Edition__offline-game-master-bkft-bundle-all-digital_.pdf&quot;'.lower&#10; +  and   'sofu%5fbkft%5fmain%5fgm%5fv9.pdf' = &lt;built-in method replace of str object at 0xfde4e4869700&gt;('_', '%5f')&#10; +    where &lt;built-in method replace of str object at 0xfde4e4869700&gt; = 'sofu_bkft_main_gm_v9.pdf'.replace&#10; +      where 'sofu_bkft_main_gm_v9.pdf' = &lt;built-in method lower of str object at 0xfde4ec8f3280&gt;()&#10; +        where &lt;built-in method lower of str object at 0xfde4ec8f3280&gt; = 'SOFU_BKFT_MAIN_GM_v9.pdf'.lower&#10; +  and   'attachment; filename=&quot;soulfood_offline_game_master___breakfast_edition__offline-game-master-bkft-bundle-all-digital_.pdf&quot;' = &lt;built-in method lower of str object at 0xfde4e86df680&gt;()&#10; +    where &lt;built-in method lower of str object at 0xfde4e86df680&gt; = 'attachment; filename=&quot;SoulFood_Offline_Game_Master___Breakfast_Edition__offline-game-master-bkft-bundle-all-digital_.pdf&quot;'.lower">tests/test_game_master_bkft_download.py:101: in test_download_endpoint_serves_correct_pdf
    assert expected_filename.lower() in cd.lower() or expected_filename.lower().replace("_", "%5f") in cd.lower(), (
E   AssertionError: Filename 'SOFU_BKFT_MAIN_GM_v9.pdf' not in Content-Disposition 'attachment; filename="SoulFood_Offline_Game_Master___Breakfast_Edition__offline-game-master-bkft-bundle-all-digital_.pdf"' for offline-game-master-bkft-bundle-all-digital
E   assert ('sofu_bkft_main_gm_v9.pdf' in 'attachment; filename="soulfood_offline_game_master___breakfast_edition__offline-game-master-bkft-bundle-all-digital_.pdf"' or 'sofu%5fbkft%5fmain%5fgm%5fv9.pdf' in 'attachment; filename="soulfood_offline_game_master___breakfast_edition__offline-game-master-bkft-bundle-all-digital_.pdf"')
E    +  where 'sofu_bkft_main_gm_v9.pdf' = &lt;built-in method lower of str object at 0xfde4ec8f3280&gt;()
E    +    where &lt;built-in method lower of str object at 0xfde4ec8f3280&gt; = 'SOFU_BKFT_MAIN_GM_v9.pdf'.lower
E    +  and   'attachment; filename="soulfood_offline_game_master___breakfast_edition__offline-game-master-bkft-bundle-all-digital_.pdf"' = &lt;built-in method lower of str object at 0xfde4e86df680&gt;()
E    +    where &lt;built-in method lower of str object at 0xfde4e86df680&gt; = 'attachment; filename="SoulFood_Offline_Game_Master___Breakfast_Edition__offline-game-master-bkft-bundle-all-digital_.pdf"'.lower
E    +  and   'sofu%5fbkft%5fmain%5fgm%5fv9.pdf' = &lt;built-in method replace of str object at 0xfde4e4869700&gt;('_', '%5f')
E    +    where &lt;built-in method replace of str object at 0xfde4e4869700&gt; = 'sofu_bkft_main_gm_v9.pdf'.replace
E    +      where 'sofu_bkft_main_gm_v9.pdf' = &lt;built-in method lower of str object at 0xfde4ec8f3280&gt;()
E    +        where &lt;built-in method lower of str object at 0xfde4ec8f3280&gt; = 'SOFU_BKFT_MAIN_GM_v9.pdf'.lower
E    +  and   'attachment; filename="soulfood_offline_game_master___breakfast_edition__offline-game-master-bkft-bundle-all-digital_.pdf"' = &lt;built-in method lower of str object at 0xfde4e86df680&gt;()
E    +    where &lt;built-in method lower of str object at 0xfde4e86df680&gt; = 'attachment; filename="SoulFood_Offline_Game_Master___Breakfast_Edition__offline-game-master-bkft-bundle-all-digital_.pdf"'.lower</failure></testcase><testcase classname="tests.test_game_master_bkft_download" name="test_all_four_downloads_are_distinct" time="2.793" /></testsuite></testsuites>