<?xml version="1.0" encoding="utf-8"?><testsuites name="pytest tests"><testsuite name="pytest" errors="0" failures="0" skipped="0" tests="6" time="4.856" timestamp="2026-05-10T21:23:56.890577+00:00" hostname="agent-env-c8b88a3e-e863-4126-aca8-d0649e76c409"><testcase classname="backend.tests.test_resend_autofulfill_iter35.TestAutoFulfillStuckOrder" name="test_stuck_order_auto_fulfills_on_resend" time="0.716" /><testcase classname="backend.tests.test_resend_autofulfill_iter35.TestAbuseProtection" name="test_wrong_email_does_not_refulfill" time="0.156" /><testcase classname="backend.tests.test_resend_autofulfill_iter35.TestRateLimit" name="test_rate_limit_after_three_calls" time="2.350" /><testcase classname="backend.tests.test_resend_autofulfill_iter35.TestAdminResendEmailRefulfill" name="test_admin_resend_does_not_silently_500" time="0.560" /><testcase classname="backend.tests.test_resend_autofulfill_iter35.TestHealthDbDiagnostic" name="test_schema_and_no_secret_leak" time="0.121" /><testcase classname="backend.tests.test_resend_autofulfill_iter35.TestBackwardCompatRevokedLinks" name="test_revoked_links_resend_no_auto_fulfill" time="0.823" /></testsuite></testsuites>