<?xml version="1.0" encoding="utf-8"?><testsuites name="pytest tests"><testsuite name="pytest" errors="0" failures="0" skipped="0" tests="7" time="1.577" timestamp="2026-04-26T18:49:43.683373+00:00" hostname="agent-env-e4f52c15-7260-4d41-9b02-4f4254e70a5f"><testcase classname="backend.tests.test_iteration_30.TestAdminBatchesVisibility" name="test_batches_returns_all_with_imported_by" time="0.516" /><testcase classname="backend.tests.test_iteration_30" name="test_game_file_accessible[ie-grinch-bingo-game-pk.pdf-pdf]" time="0.174" /><testcase classname="backend.tests.test_iteration_30" name="test_game_file_accessible[ie-grinch-bingo-card-pk.pdf-pdf]" time="0.160" /><testcase classname="backend.tests.test_iteration_30" name="test_game_file_accessible[ie-passport-trek-game.pdf-pdf]" time="0.195" /><testcase classname="backend.tests.test_iteration_30" name="test_game_file_accessible[map-journey-reference-index.docx-officedocument]" time="0.200" /><testcase classname="backend.tests.test_iteration_30" name="test_map_image_accessible" time="0.153" /><testcase classname="backend.tests.test_iteration_30" name="test_trivia_game_assets_listing" time="0.118" /></testsuite></testsuites>