<?xml version="1.0" encoding="utf-8"?><testsuites name="pytest tests"><testsuite name="pytest" errors="0" failures="0" skipped="0" tests="9" time="2.121" timestamp="2026-06-25T03:39:07.384843+00:00" hostname="agent-env-c8b88a3e-e863-4126-aca8-d0649e76c409"><testcase classname="backend.tests.test_purchase_type_split.TestGiftRecipientValidation" name="test_gift_missing_recipient_returns_400" time="0.327" /><testcase classname="backend.tests.test_purchase_type_split.TestGiftRecipientValidation" name="test_gift_invalid_email_returns_400" time="0.043" /><testcase classname="backend.tests.test_purchase_type_split.TestGiftRecipientValidation" name="test_gift_recipient_missing_at_symbol_returns_400" time="0.048" /><testcase classname="backend.tests.test_purchase_type_split.TestCheckoutPassesValidation" name="test_self_payload_accepted_by_validation" time="0.225" /><testcase classname="backend.tests.test_purchase_type_split.TestCheckoutPassesValidation" name="test_gift_payload_accepted_by_validation" time="0.075" /><testcase classname="backend.tests.test_purchase_type_split.TestVerificationGateRemoved" name="test_unverified_user_is_not_blocked_by_verification_gate" time="0.758" /><testcase classname="backend.tests.test_purchase_type_split.TestOrderDetailsIncludesPurchaseTypeFields" name="test_self_order_get_returns_purchase_type_fields" time="0.063" /><testcase classname="backend.tests.test_purchase_type_split.TestOrderDetailsIncludesPurchaseTypeFields" name="test_gift_order_get_returns_recipient_email" time="0.042" /><testcase classname="backend.tests.test_purchase_type_split.TestAdminListIncludesPurchaseTypeFields" name="test_admin_list_includes_purchase_type_fields" time="0.402" /></testsuite></testsuites>