<?xml version="1.0" encoding="utf-8"?><testsuites name="pytest tests"><testsuite name="pytest" errors="0" failures="0" skipped="0" tests="6" time="0.725" timestamp="2026-07-24T14:18:27.961957+00:00" hostname="agent-env-9c9aa87b-258c-4f35-88fa-b99a7756628c"><testcase classname="tests.test_bug_ab_iter54.TestBugA_YouthBundleResolver" name="test_normalize_preserves_edition_specific_bundle_keys" time="0.000" /><testcase classname="tests.test_bug_ab_iter54.TestBugA_YouthBundleResolver" name="test_normalize_regression_non_bundle_ipdf_variants" time="0.001" /><testcase classname="tests.test_bug_ab_iter54.TestBugA_YouthBundleResolver" name="test_full_table_experience_ye_resolves_youth_only" time="0.005" /><testcase classname="tests.test_bug_ab_iter54.TestBugA_YouthBundleResolver" name="test_full_table_experience_ae_resolves_adult_only" time="0.001" /><testcase classname="tests.test_bug_ab_iter54.TestBugB_GiftDownloadLinks" name="test_gift_order_returns_empty_links_with_gift_flag" time="0.209" /><testcase classname="tests.test_bug_ab_iter54.TestBugB_GiftDownloadLinks" name="test_self_order_returns_actual_links" time="0.192" /></testsuite></testsuites>