<?xml version="1.0" encoding="utf-8"?><testsuites name="pytest tests"><testsuite name="pytest" errors="0" failures="0" skipped="0" tests="6" time="3.073" timestamp="2026-07-23T17:06:08.594943+00:00" hostname="agent-env-9c9aa87b-258c-4f35-88fa-b99a7756628c"><testcase classname="backend.tests.test_admin_invite_iter52.TestAdminInviteFlow" name="test_1_create_invite_no_password" time="1.105" /><testcase classname="backend.tests.test_admin_invite_iter52.TestAdminInviteFlow" name="test_2_list_pending_invites" time="0.133" /><testcase classname="backend.tests.test_admin_invite_iter52.TestAdminInviteFlow" name="test_3_resend_invite_pending" time="0.286" /><testcase classname="backend.tests.test_admin_invite_iter52.TestAdminInviteFlow" name="test_4_accept_invite_via_reset_password" time="0.753" /><testcase classname="backend.tests.test_admin_invite_iter52.TestAdminInviteFlow" name="test_5_resend_invite_after_accept_returns_400" time="0.153" /><testcase classname="backend.tests.test_admin_invite_iter52.TestAdminInviteFlow" name="test_6_create_user_with_password_not_invite" time="0.491" /></testsuite></testsuites>