<?xml version="1.0" encoding="utf-8"?><testsuites name="pytest tests"><testsuite name="pytest" errors="0" failures="0" skipped="0" tests="14" time="1.408" timestamp="2026-04-27T03:13:39.383338+00:00" hostname="agent-env-e4f52c15-7260-4d41-9b02-4f4254e70a5f"><testcase classname="backend.tests.test_iteration_32_coupons_admin_orders.TestDemoCoupons" name="test_demosofu79_breakfast_valid" time="0.242" /><testcase classname="backend.tests.test_iteration_32_coupons_admin_orders.TestDemoCoupons" name="test_demosofu60_holiday_valid" time="0.055" /><testcase classname="backend.tests.test_iteration_32_coupons_admin_orders.TestDemoCoupons" name="test_demosofu79_dinner_rejected" time="0.053" /><testcase classname="backend.tests.test_iteration_32_coupons_admin_orders.TestBetaDollarCoupons" name="test_betadollar79_override" time="0.055" /><testcase classname="backend.tests.test_iteration_32_coupons_admin_orders.TestBetaDollarCoupons" name="test_betadollar97_override" time="0.052" /><testcase classname="backend.tests.test_iteration_32_coupons_admin_orders.TestRegression" name="test_unknown_code_rejected" time="0.053" /><testcase classname="backend.tests.test_iteration_32_coupons_admin_orders.TestRegression" name="test_dollartest_legacy_still_works" time="0.052" /><testcase classname="backend.tests.test_iteration_32_coupons_admin_orders.TestUsageIncrement" name="test_use_increments_uses_used" time="0.065" /><testcase classname="backend.tests.test_iteration_32_coupons_admin_orders.TestUsageIncrement" name="test_max_uses_reached_blocks_validation" time="0.056" /><testcase classname="backend.tests.test_iteration_32_coupons_admin_orders.TestUsageIncrement" name="test_revoked_status_blocks_validation" time="0.058" /><testcase classname="backend.tests.test_iteration_32_coupons_admin_orders.TestAdminOrders" name="test_admin_orders_shape_items_not_orders" time="0.361" /><testcase classname="backend.tests.test_iteration_32_coupons_admin_orders.TestAdminOrders" name="test_admin_orders_unauthorized" time="0.052" /><testcase classname="backend.tests.test_iteration_32_coupons_admin_orders.TestAdminOrders" name="test_resend_email_endpoint_exists" time="0.062" /><testcase classname="backend.tests.test_iteration_32_coupons_admin_orders.TestAdminOrders" name="test_send_email_alias_removed" time="0.060" /></testsuite></testsuites>