<?xml version="1.0" encoding="utf-8"?><testsuites name="pytest tests"><testsuite name="pytest" errors="0" failures="0" skipped="0" tests="9" time="2.359" timestamp="2026-04-26T22:06:38.861283+00:00" hostname="agent-env-e4f52c15-7260-4d41-9b02-4f4254e70a5f"><testcase classname="backend.tests.test_demo_test_codes.TestSeedDemoTest" name="test_seed_first_call" time="0.622" /><testcase classname="backend.tests.test_demo_test_codes.TestSeedDemoTest" name="test_seed_idempotent_second_call" time="0.144" /><testcase classname="backend.tests.test_demo_test_codes.TestListDemo" name="test_list_demo_returns_six" time="0.111" /><testcase classname="backend.tests.test_demo_test_codes.TestListDemo" name="test_demo_total_hours_25_and_5" time="0.116" /><testcase classname="backend.tests.test_demo_test_codes.TestListTest" name="test_list_test_returns_two" time="0.136" /><testcase classname="backend.tests.test_demo_test_codes.TestAutoExpire" name="test_auto_expire_flips_status_then_restore" time="0.339" /><testcase classname="backend.tests.test_demo_test_codes.TestBatchesScoping" name="test_batches_excludes_demo_and_test" time="0.161" /><testcase classname="backend.tests.test_demo_test_codes.TestBatchesScoping" name="test_batches_includes_imported_by" time="0.135" /><testcase classname="backend.tests.test_demo_test_codes.TestOverride" name="test_override_revoke_then_restore" time="0.460" /></testsuite></testsuites>