<?xml version="1.0" encoding="utf-8"?><testsuites name="pytest tests"><testsuite name="pytest" errors="0" failures="0" skipped="0" tests="15" time="3.010" timestamp="2026-06-25T04:06:16.947847+00:00" hostname="agent-env-c8b88a3e-e863-4126-aca8-d0649e76c409"><testcase classname="backend.tests.test_admin_hygiene_iter39.TestUserBulkArchive" name="test_bulk_archive_two_users" time="0.755" /><testcase classname="backend.tests.test_admin_hygiene_iter39.TestUserBulkArchive" name="test_users_active_filter_excludes_archived" time="0.298" /><testcase classname="backend.tests.test_admin_hygiene_iter39.TestUserBulkArchive" name="test_users_archived_filter_includes_only_archived" time="0.102" /><testcase classname="backend.tests.test_admin_hygiene_iter39.TestUserBulkArchive" name="test_users_all_filter_includes_archived" time="0.132" /><testcase classname="backend.tests.test_admin_hygiene_iter39.TestUserBulkArchive" name="test_search_alongside_archive_filter_finds_admin" time="0.099" /><testcase classname="backend.tests.test_admin_hygiene_iter39.TestUserBulkArchive" name="test_users_response_includes_is_archived" time="0.132" /><testcase classname="backend.tests.test_admin_hygiene_iter39.TestUserBulkArchive" name="test_restore_one_user" time="0.286" /><testcase classname="backend.tests.test_admin_hygiene_iter39.TestUserBulkArchive" name="test_bulk_archive_empty_rejected" time="0.096" /><testcase classname="backend.tests.test_admin_hygiene_iter39.TestOrderBulkTag" name="test_tag_two_orders_as_test" time="0.138" /><testcase classname="backend.tests.test_admin_hygiene_iter39.TestOrderBulkTag" name="test_orders_active_visibility_excludes_test_tagged" time="0.101" /><testcase classname="backend.tests.test_admin_hygiene_iter39.TestOrderBulkTag" name="test_orders_test_visibility_returns_only_test_tagged" time="0.094" /><testcase classname="backend.tests.test_admin_hygiene_iter39.TestOrderBulkTag" name="test_archive_one_order" time="0.195" /><testcase classname="backend.tests.test_admin_hygiene_iter39.TestOrderBulkTag" name="test_clear_tag_on_order" time="0.242" /><testcase classname="backend.tests.test_admin_hygiene_iter39.TestOrderBulkTag" name="test_orders_response_includes_is_archived_and_tag" time="0.099" /><testcase classname="backend.tests.test_admin_hygiene_iter39.TestOrderBulkTag" name="test_bulk_tag_empty_rejected" time="0.104" /></testsuite></testsuites>