<?xml version="1.0" encoding="utf-8"?><testsuites name="pytest tests"><testsuite name="pytest" errors="0" failures="0" skipped="1" tests="4" time="1.156" timestamp="2026-05-10T22:06:46.912564+00:00" hostname="agent-env-c8b88a3e-e863-4126-aca8-d0649e76c409"><testcase classname="backend.tests.test_redeem_claim_iter36" name="test_verify_claim_anonymous_already_claimed" time="0.255" /><testcase classname="backend.tests.test_redeem_claim_iter36" name="test_verify_claim_authed_is_claimer" time="0.481" /><testcase classname="backend.tests.test_redeem_claim_iter36" name="test_verify_claim_authed_unclaimed_order" time="0.114" /><testcase classname="backend.tests.test_redeem_claim_iter36" name="test_download_flow_regression" time="0.254"><skipped type="pytest.skip" message="no download token discoverable in admin response">/app/backend/tests/test_redeem_claim_iter36.py:119: no download token discoverable in admin response</skipped></testcase></testsuite></testsuites>