<?xml version="1.0" encoding="utf-8"?><testsuites name="pytest tests"><testsuite name="pytest" errors="0" failures="0" skipped="0" tests="12" time="4.665" timestamp="2026-07-23T04:08:24.637143+00:00" hostname="agent-env-9c9aa87b-258c-4f35-88fa-b99a7756628c"><testcase classname="tests.test_lifecycle_admin" name="test_login_and_list_qa_orders" time="1.141" /><testcase classname="tests.test_lifecycle_admin" name="test_digital_only_is_complete" time="0.108" /><testcase classname="tests.test_lifecycle_admin" name="test_physical_pending_is_open" time="0.100" /><testcase classname="tests.test_lifecycle_admin" name="test_mixed_has_all_three_lanes_open" time="0.109" /><testcase classname="tests.test_lifecycle_admin" name="test_gift_recipient_pending" time="0.136" /><testcase classname="tests.test_lifecycle_admin" name="test_ie_has_manual_review" time="0.099" /><testcase classname="tests.test_lifecycle_admin" name="test_physical_only_completion_flow" time="0.491" /><testcase classname="tests.test_lifecycle_admin" name="test_mixed_does_not_autocomplete" time="0.663" /><testcase classname="tests.test_lifecycle_admin" name="test_gift_recipient_completion" time="0.214" /><testcase classname="tests.test_lifecycle_admin" name="test_manual_ie_completion" time="0.229" /><testcase classname="tests.test_lifecycle_admin" name="test_manual_bulk_completion" time="0.222" /><testcase classname="tests.test_lifecycle_admin" name="test_manual_sgb_completion_and_reopen" time="1.089" /></testsuite></testsuites>