<?xml version="1.0" encoding="utf-8"?><testsuites name="pytest tests"><testsuite name="pytest" errors="0" failures="3" skipped="0" tests="23" time="20.173" timestamp="2026-05-01T03:51:32.908348+00:00" hostname="agent-env-c8b88a3e-e863-4126-aca8-d0649e76c409"><testcase classname="backend.tests.test_mvp_launch_readiness.TestMVP1PaymentOrderReceipt" name="test_get_order_by_order_number" time="0.170"><failure message="AssertionError: FAIL: Endpoint did not resolve fulfilled order by order_number. status=404 body={&quot;detail&quot;:&quot;Order not found&quot;}&#10;assert 404 == 200&#10; +  where 404 = &lt;Response [404]&gt;.status_code">E   AssertionError: FAIL: Endpoint did not resolve fulfilled order by order_number. status=404 body={"detail":"Order not found"}
    assert 404 == 200
     +  where 404 = &lt;Response [404]&gt;.status_code</failure></testcase><testcase classname="backend.tests.test_mvp_launch_readiness.TestMVP1PaymentOrderReceipt" name="test_get_free_order_receipt" time="0.111" /><testcase classname="backend.tests.test_mvp_launch_readiness.TestMVP1PaymentOrderReceipt" name="test_admin_orders_returns_items_key" time="0.503" /><testcase classname="backend.tests.test_mvp_launch_readiness.TestMVP2VerifiedAccess" name="test_fulfilled_order_has_download_links_generated" time="0.001" /><testcase classname="backend.tests.test_mvp_launch_readiness.TestMVP2VerifiedAccess" name="test_fulfilled_order_links_stream_bytes" time="0.001" /><testcase classname="backend.tests.test_mvp_launch_readiness.TestMVP2VerifiedAccess" name="test_missing_file_order_not_fulfilled" time="0.001" /><testcase classname="backend.tests.test_mvp_launch_readiness.TestMVP3TruthfulFulfillment" name="test_objstore_prefix_streams_200_with_xsource" time="0.578" /><testcase classname="backend.tests.test_mvp_launch_readiness.TestMVP3TruthfulFulfillment" name="test_diagnose_includes_object_storage_fallback" time="0.118" /><testcase classname="backend.tests.test_mvp_launch_readiness.TestMVP3TruthfulFulfillment" name="test_truly_missing_returns_404" time="0.457"><failure message="AssertionError: expected 404 for missing objstore file, got 502: {&quot;detail&quot;:&quot;Storage temporarily unavailable. Please try again or contact support@kingdom-soul.com.&quot;}&#10;assert 502 == 404&#10; +  where 502 = &lt;Response [502]&gt;.status_code">E   AssertionError: expected 404 for missing objstore file, got 502: {"detail":"Storage temporarily unavailable. Please try again or contact support@kingdom-soul.com."}
    assert 502 == 404
     +  where 502 = &lt;Response [502]&gt;.status_code</failure></testcase><testcase classname="backend.tests.test_mvp_launch_readiness.TestMVP4AdminControl" name="test_list_all_active_files_count" time="0.131" /><testcase classname="backend.tests.test_mvp_launch_readiness.TestMVP4AdminControl" name="test_export_manifest_count" time="0.163" /><testcase classname="backend.tests.test_mvp_launch_readiness.TestMVP4AdminControl" name="test_verify_storage_reachable" time="11.124" /><testcase classname="backend.tests.test_mvp_launch_readiness.TestMVP4AdminControl" name="test_upload_60mb_file_accepted" time="3.989" /><testcase classname="backend.tests.test_mvp_launch_readiness.TestMVP4AdminControl" name="test_attach_and_replace_endpoints_exist" time="0.357" /><testcase classname="backend.tests.test_mvp_launch_readiness.TestMVP5Coupons" name="test_coupon_validates[BETATEST]" time="0.112" /><testcase classname="backend.tests.test_mvp_launch_readiness.TestMVP5Coupons" name="test_coupon_validates[BETADOLLAR79]" time="0.110"><failure message="AssertionError: BETADOLLAR79 invalid: {'valid': False, 'discount_percent': 0, 'discount_dollars': 0.0, 'override_total': None, 'message': 'This code has expired', 'code': 'BETADOLLAR79', 'is_gift_certificate': False}&#10;assert False is True&#10; +  where False = &lt;built-in method get of dict object at 0xfdfb52ff3a80&gt;('valid')&#10; +    where &lt;built-in method get of dict object at 0xfdfb52ff3a80&gt; = {'code': 'BETADOLLAR79', 'discount_dollars': 0.0, 'discount_percent': 0, 'is_gift_certificate': False, ...}.get">E   AssertionError: BETADOLLAR79 invalid: {'valid': False, 'discount_percent': 0, 'discount_dollars': 0.0, 'override_total': None, 'message': 'This code has expired', 'code': 'BETADOLLAR79', 'is_gift_certificate': False}
    assert False is True
     +  where False = &lt;built-in method get of dict object at 0xfdfb52ff3a80&gt;('valid')
     +    where &lt;built-in method get of dict object at 0xfdfb52ff3a80&gt; = {'code': 'BETADOLLAR79', 'discount_dollars': 0.0, 'discount_percent': 0, 'is_gift_certificate': False, ...}.get</failure></testcase><testcase classname="backend.tests.test_mvp_launch_readiness.TestMVP5Coupons" name="test_coupon_validates[DEMOSOFU79]" time="0.122" /><testcase classname="backend.tests.test_mvp_launch_readiness.TestMVP6ManualFulfillment" name="test_sync_stripe_exists" time="0.369" /><testcase classname="backend.tests.test_mvp_launch_readiness.TestMVP6ManualFulfillment" name="test_mark_paid_exists" time="0.137" /><testcase classname="backend.tests.test_mvp_launch_readiness.TestMVP6ManualFulfillment" name="test_grant_access_exists" time="0.138" /><testcase classname="backend.tests.test_mvp_launch_readiness.TestMVP6ManualFulfillment" name="test_resend_email_exists" time="0.330" /><testcase classname="backend.tests.test_mvp_launch_readiness.TestMVP7Deterministic" name="test_order_detail_idempotent" time="0.232" /><testcase classname="backend.tests.test_mvp_launch_readiness.TestMVP7Deterministic" name="test_migrate_legacy_idempotent" time="0.794" /></testsuite></testsuites>