<?xml version="1.0" encoding="utf-8"?><testsuites name="pytest tests"><testsuite name="pytest" errors="0" failures="0" skipped="0" tests="8" time="2.133" timestamp="2026-04-10T19:36:02.456820+00:00" hostname="agent-env-bb86914b-297a-41ce-9d3c-2bccd01fe2b8"><testcase classname="backend.tests.test_trivia_for_game.TestTriviaForGameEndpoint" name="test_demo_access_tricky_trivia_adult_no_auth" time="0.160" /><testcase classname="backend.tests.test_trivia_for_game.TestTriviaForGameEndpoint" name="test_demo_access_trivia_testament_youth_no_auth" time="0.124" /><testcase classname="backend.tests.test_trivia_for_game.TestTriviaForGameEndpoint" name="test_full_access_tricky_trivia_adult_with_auth" time="0.472" /><testcase classname="backend.tests.test_trivia_for_game.TestTriviaForGameEndpoint" name="test_full_access_trivia_testament_youth_with_auth" time="0.483" /><testcase classname="backend.tests.test_trivia_for_game.TestTriviaForGameEndpoint" name="test_questions_have_required_fields" time="0.481" /><testcase classname="backend.tests.test_trivia_for_game.TestTriviaForGameEndpoint" name="test_invalid_token_returns_demo" time="0.137" /><testcase classname="backend.tests.test_trivia_for_game.TestTriviaForGameEndpoint" name="test_no_filters_returns_questions" time="0.107" /><testcase classname="backend.tests.test_trivia_for_game.TestTriviaQuestionBankStats" name="test_bank_stats_endpoint" time="0.118" /></testsuite></testsuites>