<?xml version="1.0" encoding="utf-8"?><testsuites name="pytest tests"><testsuite name="pytest" errors="0" failures="2" skipped="0" tests="16" time="2.198" timestamp="2026-03-10T03:57:18.155254+00:00" hostname="agent-env-bcf6bb4f-9768-4d5e-a5de-a1d6b6b8d64d"><testcase classname="backend.tests.test_critical_features.TestFreeDownloads" name="test_download_in_his_image_adult_returns_200" time="0.200" /><testcase classname="backend.tests.test_critical_features.TestFreeDownloads" name="test_download_in_his_image_adult_is_pdf" time="0.115" /><testcase classname="backend.tests.test_critical_features.TestFreeDownloads" name="test_download_in_his_image_adult_size_over_1mb" time="0.245" /><testcase classname="backend.tests.test_critical_features.TestFreeDownloads" name="test_download_in_his_image_youth_returns_200" time="0.142" /><testcase classname="backend.tests.test_critical_features.TestFreeDownloads" name="test_download_in_his_image_youth_is_pdf" time="0.105" /><testcase classname="backend.tests.test_critical_features.TestFreeDownloads" name="test_download_in_his_image_youth_size_over_1mb" time="0.176" /><testcase classname="backend.tests.test_critical_features.TestFreeDownloads" name="test_download_invalid_edition_returns_400" time="0.122" /><testcase classname="backend.tests.test_critical_features.TestCouponValidation" name="test_testii_coupon_is_disabled" time="0.102" /><testcase classname="backend.tests.test_critical_features.TestCouponValidation" name="test_dollartest_coupon_is_valid" time="0.122" /><testcase classname="backend.tests.test_critical_features.TestCouponValidation" name="test_dollartest_coupon_has_override_total" time="0.097" /><testcase classname="backend.tests.test_critical_features.TestCouponValidation" name="test_dollartest_message_shows_dollar_amount" time="0.137" /><testcase classname="backend.tests.test_critical_features.TestCouponValidation" name="test_invalid_coupon_returns_invalid" time="0.117" /><testcase classname="backend.tests.test_critical_features.TestCouponValidation" name="test_betatest_coupon_is_valid" time="0.097" /><testcase classname="backend.tests.test_critical_features.TestCheckoutEndpoints" name="test_health_check" time="0.109"><failure message="assert 404 == 200&#10; +  where 404 = &lt;Response [404]&gt;.status_code">backend/tests/test_critical_features.py:131: in test_health_check
    assert response.status_code == 200
E   assert 404 == 200
E    +  where 404 = &lt;Response [404]&gt;.status_code</failure></testcase><testcase classname="backend.tests.test_critical_features.TestCheckoutEndpoints" name="test_products_endpoint" time="0.109"><failure message="assert 404 == 200&#10; +  where 404 = &lt;Response [404]&gt;.status_code">backend/tests/test_critical_features.py:136: in test_products_endpoint
    assert response.status_code == 200
E   assert 404 == 200
E    +  where 404 = &lt;Response [404]&gt;.status_code</failure></testcase><testcase classname="backend.tests.test_critical_features.TestMyLibraryEndpoints" name="test_my_purchases_requires_auth" time="0.120" /></testsuite></testsuites>