<?xml version="1.0" encoding="utf-8"?><testsuites name="pytest tests"><testsuite name="pytest" errors="0" failures="0" skipped="0" tests="17" time="2.661" timestamp="2026-04-05T18:51:45.274570+00:00" hostname="agent-env-45f23792-4886-4d67-b625-d1e5303e1d8b"><testcase classname="backend.tests.test_iteration_11.TestCatalogAPI" name="test_catalog_returns_products" time="0.123" /><testcase classname="backend.tests.test_iteration_11.TestCatalogAPI" name="test_catalog_has_48_products" time="0.111" /><testcase classname="backend.tests.test_iteration_11.TestCatalogAPI" name="test_catalog_product_structure" time="0.106" /><testcase classname="backend.tests.test_iteration_11.TestCatalogAPI" name="test_catalog_csv_download" time="0.104" /><testcase classname="backend.tests.test_iteration_11.TestCouponValidation" name="test_welcome10_coupon" time="0.124" /><testcase classname="backend.tests.test_iteration_11.TestCouponValidation" name="test_sofu5_coupon" time="0.113" /><testcase classname="backend.tests.test_iteration_11.TestCouponValidation" name="test_gamenight_coupon" time="0.109" /><testcase classname="backend.tests.test_iteration_11.TestCouponValidation" name="test_soulx1079_dee_contributor_coupon" time="0.114" /><testcase classname="backend.tests.test_iteration_11.TestCouponValidation" name="test_soulx1072_temia_contributor_coupon" time="0.097" /><testcase classname="backend.tests.test_iteration_11.TestCouponValidation" name="test_dollartest_override_coupon" time="0.102" /><testcase classname="backend.tests.test_iteration_11.TestCouponValidation" name="test_invalid_coupon_returns_error" time="0.114" /><testcase classname="backend.tests.test_iteration_11.TestCheckoutFlow" name="test_checkout_creates_stripe_session" time="0.506" /><testcase classname="backend.tests.test_iteration_11.TestCheckoutFlow" name="test_checkout_with_multiple_items" time="0.423" /><testcase classname="backend.tests.test_iteration_11.TestProductsEndpoint" name="test_products_endpoint_exists" time="0.127" /><testcase classname="backend.tests.test_iteration_11.TestProductsEndpoint" name="test_holiday_table_bundle_exists" time="0.100" /><testcase classname="backend.tests.test_iteration_11.TestProductsEndpoint" name="test_full_table_experience_exists" time="0.106" /><testcase classname="backend.tests.test_iteration_11.TestAPIStatus" name="test_api_status" time="0.109" /></testsuite></testsuites>