<?xml version="1.0" encoding="utf-8"?><testsuites name="pytest tests"><testsuite name="pytest" errors="0" failures="2" skipped="0" tests="39" time="3.441" timestamp="2026-01-11T14:37:07.267386+00:00" hostname="agent-env-467ea519-e3ca-4212-b65e-ec7caaea16b9"><testcase classname="tests.test_checkout_and_email.TestEmailConfiguration" name="test_email_config_returns_support_email" time="0.058" /><testcase classname="tests.test_checkout_and_email.TestEmailConfiguration" name="test_email_config_returns_topics" time="0.037" /><testcase classname="tests.test_checkout_and_email.TestFreeOrderWithEmail" name="test_free_order_with_customer_email" time="0.307"><failure message="AssertionError: Order ID should start with FREE-, got SF-2026-QC4TF&#10;assert False&#10; +  where False = &lt;built-in method startswith of str object at 0xfb6272543df0&gt;('FREE-')&#10; +    where &lt;built-in method startswith of str object at 0xfb6272543df0&gt; = 'SF-2026-QC4TF'.startswith">tests/test_checkout_and_email.py:97: in test_free_order_with_customer_email
    assert data["order_id"].startswith("FREE-"), f"Order ID should start with FREE-, got {data['order_id']}"
E   AssertionError: Order ID should start with FREE-, got SF-2026-QC4TF
E   assert False
E    +  where False = &lt;built-in method startswith of str object at 0xfb6272543df0&gt;('FREE-')
E    +    where &lt;built-in method startswith of str object at 0xfb6272543df0&gt; = 'SF-2026-QC4TF'.startswith</failure></testcase><testcase classname="tests.test_checkout_and_email.TestFreeOrderWithEmail" name="test_free_order_without_email" time="0.038" /><testcase classname="tests.test_checkout_and_email.TestContactFormEndpoint" name="test_contact_form_submission" time="0.272" /><testcase classname="tests.test_checkout_and_email.TestContactFormEndpoint" name="test_contact_form_with_invalid_topic" time="0.191" /><testcase classname="tests.test_checkout_and_email.TestPDFGeneration" name="test_lessons_endpoint" time="0.034" /><testcase classname="tests.test_checkout_and_email.TestPDFGeneration" name="test_interactive_lessons_endpoint" time="0.073" /><testcase classname="tests.test_checkout_and_email.TestProductsEndpoint" name="test_products_endpoint" time="0.032" /><testcase classname="tests.test_checkout_and_email.TestCouponValidation" name="test_validate_100_percent_coupon" time="0.037" /><testcase classname="tests.test_checkout_and_email.TestCouponValidation" name="test_validate_invalid_coupon" time="0.035" /><testcase classname="tests.test_checkout_and_email.TestAPIHealth" name="test_api_root" time="0.033" /><testcase classname="tests.test_checkout_and_email.TestAPIHealth" name="test_series_endpoint" time="0.032" /><testcase classname="tests.test_free_order_flow.TestFreeOrderFlow" name="test_01_api_health_check" time="0.032" /><testcase classname="tests.test_free_order_flow.TestFreeOrderFlow" name="test_02_products_endpoint" time="0.033" /><testcase classname="tests.test_free_order_flow.TestFreeOrderFlow" name="test_03_free_order_with_single_digital_product" time="0.043"><failure message="AssertionError: Order ID should start with FREE-, got SF-2026-U49SU&#10;assert False&#10; +  where False = &lt;built-in method startswith of str object at 0xfb6272526ab0&gt;('FREE-')&#10; +    where &lt;built-in method startswith of str object at 0xfb6272526ab0&gt; = 'SF-2026-U49SU'.startswith">tests/test_free_order_flow.py:81: in test_03_free_order_with_single_digital_product
    assert data["order_id"].startswith("FREE-"), f"Order ID should start with FREE-, got {data['order_id']}"
E   AssertionError: Order ID should start with FREE-, got SF-2026-U49SU
E   assert False
E    +  where False = &lt;built-in method startswith of str object at 0xfb6272526ab0&gt;('FREE-')
E    +    where &lt;built-in method startswith of str object at 0xfb6272526ab0&gt; = 'SF-2026-U49SU'.startswith</failure></testcase><testcase classname="tests.test_free_order_flow.TestFreeOrderFlow" name="test_04_free_order_with_multiple_products" time="0.036" /><testcase classname="tests.test_free_order_flow.TestFreeOrderFlow" name="test_05_get_order_details" time="0.075" /><testcase classname="tests.test_free_order_flow.TestFreeOrderFlow" name="test_06_get_order_downloads" time="0.033" /><testcase classname="tests.test_free_order_flow.TestFreeOrderFlow" name="test_07_verify_download_token" time="0.035" /><testcase classname="tests.test_free_order_flow.TestFreeOrderFlow" name="test_08_invalid_discount_percent_rejected" time="0.033" /><testcase classname="tests.test_free_order_flow.TestFreeOrderFlow" name="test_09_order_not_found" time="0.039" /><testcase classname="tests.test_free_order_flow.TestFreeOrderFlow" name="test_10_invalid_download_token" time="0.033" /><testcase classname="tests.test_free_order_flow.TestDownloadLinkInfo" name="test_download_link_info" time="0.077" /><testcase classname="tests.test_free_order_flow.TestYouthEditionProducts" name="test_free_order_youth_products" time="0.034" /><testcase classname="tests.test_free_order_flow.TestInstructorEditionProducts" name="test_free_order_instructor_products" time="0.033" /><testcase classname="tests.test_gift_certificate_and_lessons.TestCouponValidation" name="test_validate_coupon_betatest" time="0.034" /><testcase classname="tests.test_gift_certificate_and_lessons.TestCouponValidation" name="test_validate_invalid_coupon" time="0.033" /><testcase classname="tests.test_gift_certificate_and_lessons.TestGiftCertificateEndpoints" name="test_gift_certificate_types" time="1.191" /><testcase classname="tests.test_gift_certificate_and_lessons.TestGiftCertificateEndpoints" name="test_gift_certificate_invalid_type" time="0.033" /><testcase classname="tests.test_gift_certificate_and_lessons.TestGiftCertificateEndpoints" name="test_gift_certificate_invalid_amount" time="0.034" /><testcase classname="tests.test_gift_certificate_and_lessons.TestInteractiveLessons" name="test_nibbles_list" time="0.033" /><testcase classname="tests.test_gift_certificate_and_lessons.TestInteractiveLessons" name="test_holiday_ae_covenant_lesson" time="0.037" /><testcase classname="tests.test_gift_certificate_and_lessons.TestInteractiveLessons" name="test_holiday_ae_cradle_lesson" time="0.032" /><testcase classname="tests.test_gift_certificate_and_lessons.TestInteractiveLessons" name="test_holiday_ae_cross_lesson" time="0.035" /><testcase classname="tests.test_gift_certificate_and_lessons.TestInteractiveLessons" name="test_holiday_ae_comforter_lesson" time="0.033" /><testcase classname="tests.test_gift_certificate_and_lessons.TestInteractiveLessons" name="test_invalid_lesson_returns_404" time="0.033" /><testcase classname="tests.test_gift_certificate_and_lessons.TestAPIHealth" name="test_api_root" time="0.033" /><testcase classname="tests.test_gift_certificate_and_lessons.TestAPIHealth" name="test_products_endpoint" time="0.033" /></testsuite></testsuites>