<?xml version="1.0" encoding="utf-8"?><testsuites name="pytest tests"><testsuite name="pytest" errors="0" failures="0" skipped="0" tests="14" time="1.618" timestamp="2026-04-05T15:10:05.084685+00:00" hostname="agent-env-a4aadb27-e8f1-49ba-af5e-c030e32517b9"><testcase classname="tests.test_soft_launch_v2.TestGamePassPromo" name="test_game_pass_30_sale_price" time="0.152" /><testcase classname="tests.test_soft_launch_v2.TestGamePassPromo" name="test_game_pass_30_list_price" time="0.105" /><testcase classname="tests.test_soft_launch_v2.TestGamePassPromo" name="test_game_pass_30_promo_active" time="0.113" /><testcase classname="tests.test_soft_launch_v2.TestGamePassPromo" name="test_game_pass_90_sale_price" time="0.105" /><testcase classname="tests.test_soft_launch_v2.TestGamePassPromo" name="test_game_pass_90_list_price" time="0.109" /><testcase classname="tests.test_soft_launch_v2.TestGamePassPromo" name="test_game_pass_90_promo_active" time="0.104" /><testcase classname="tests.test_soft_launch_v2.TestGamePassPromo" name="test_game_pass_promo_until_pentecost" time="0.126" /><testcase classname="tests.test_soft_launch_v2.TestHolidayLessons" name="test_holiday_ae_available" time="0.097" /><testcase classname="tests.test_soft_launch_v2.TestHolidayLessons" name="test_holiday_ye_available" time="0.114" /><testcase classname="tests.test_soft_launch_v2.TestHolidayLessons" name="test_holiday_ie_available" time="0.108" /><testcase classname="tests.test_soft_launch_v2.TestBreakfastSnackPacks" name="test_snack_pack_ae_m1_available" time="0.113" /><testcase classname="tests.test_soft_launch_v2.TestBreakfastSnackPacks" name="test_snack_pack_ye_m1_available" time="0.100" /><testcase classname="tests.test_soft_launch_v2.TestNibbles" name="test_nibble_ae_available" time="0.101" /><testcase classname="tests.test_soft_launch_v2.TestNibbles" name="test_nibble_ye_available" time="0.110" /></testsuite></testsuites>