<?xml version="1.0" encoding="utf-8"?><testsuites name="pytest tests"><testsuite name="pytest" errors="0" failures="0" skipped="0" tests="6" time="1.247" timestamp="2026-04-06T13:21:28.845946+00:00" hostname="agent-env-23d04619-831a-424f-b9e9-682c2cb9dd9a"><testcase classname="tests.test_game_files.TestGameFilesEndpoint" name="test_grinch_bingo_game_pack_pdf" time="0.319" /><testcase classname="tests.test_game_files.TestGameFilesEndpoint" name="test_grinch_bingo_cards_pdf" time="0.195" /><testcase classname="tests.test_game_files.TestGameFilesEndpoint" name="test_passport_trek_game_pdf" time="0.202" /><testcase classname="tests.test_game_files.TestGameFilesEndpoint" name="test_map_journey_reference_docx" time="0.215" /><testcase classname="tests.test_game_files.TestGameFilesEndpoint" name="test_nonexistent_file_returns_404" time="0.109" /><testcase classname="tests.test_game_files.TestHealthCheck" name="test_api_root" time="0.152" /></testsuite></testsuites>