<?xml version="1.0" encoding="utf-8"?><testsuites name="pytest tests"><testsuite name="pytest" errors="0" failures="0" skipped="0" tests="10" time="4.743" timestamp="2026-04-10T19:55:59.220890+00:00" hostname="agent-env-bb86914b-297a-41ce-9d3c-2bccd01fe2b8"><testcase classname="backend.tests.test_content_entitlements.TestEntitlementsEndpoint" name="test_entitlements_no_auth_returns_demo" time="0.264" /><testcase classname="backend.tests.test_content_entitlements.TestEntitlementsEndpoint" name="test_entitlements_with_admin_auth_returns_full" time="0.526" /><testcase classname="backend.tests.test_content_entitlements.TestQuestionsForGameEndpoint" name="test_for_game_no_auth_returns_demo_capped" time="0.138" /><testcase classname="backend.tests.test_content_entitlements.TestQuestionsForGameEndpoint" name="test_for_game_demo_only_shared_pool" time="0.156" /><testcase classname="backend.tests.test_content_entitlements.TestQuestionsForGameEndpoint" name="test_for_game_with_admin_auth_returns_full_pool" time="0.503" /><testcase classname="backend.tests.test_content_entitlements.TestQuestionsForGameEndpoint" name="test_for_game_admin_returns_multiple_series_questions" time="0.589" /><testcase classname="backend.tests.test_content_entitlements.TestQuestionSeriesMapping" name="test_series_mapping_q1_is_holiday_4c" time="0.685" /><testcase classname="backend.tests.test_content_entitlements.TestQuestionSeriesMapping" name="test_series_mapping_q2_q3_is_breakfast" time="0.543" /><testcase classname="backend.tests.test_content_entitlements.TestGameTypeFiltering" name="test_for_game_with_game_type_tricky_trivia" time="0.502" /><testcase classname="backend.tests.test_content_entitlements.TestGameTypeFiltering" name="test_for_game_with_game_type_trivia_testament" time="0.785" /></testsuite></testsuites>