<?xml version="1.0" encoding="utf-8"?><testsuites name="pytest tests"><testsuite name="pytest" errors="0" failures="0" skipped="0" tests="13" time="4.553" timestamp="2026-02-26T17:49:34.937706+00:00" hostname="agent-env-bb234082-d279-4214-a13b-5ebf6b54610c"><testcase classname="backend.tests.test_auth_frontend.TestBetaLogin" name="test_beta_login_instructor_success" time="0.231" /><testcase classname="backend.tests.test_auth_frontend.TestBetaLogin" name="test_beta_login_invalid_username" time="0.137" /><testcase classname="backend.tests.test_auth_frontend.TestBetaLogin" name="test_beta_login_invalid_password" time="0.127" /><testcase classname="backend.tests.test_auth_frontend.TestUserRegistration" name="test_registration_success" time="0.382" /><testcase classname="backend.tests.test_auth_frontend.TestUserRegistration" name="test_registration_duplicate_email" time="0.502" /><testcase classname="backend.tests.test_auth_frontend.TestUserRegistration" name="test_registration_weak_password" time="0.174" /><testcase classname="backend.tests.test_auth_frontend.TestUserLogin" name="test_login_with_email" time="0.730" /><testcase classname="backend.tests.test_auth_frontend.TestUserLogin" name="test_login_with_username" time="0.695" /><testcase classname="backend.tests.test_auth_frontend.TestUserLogin" name="test_login_invalid_credentials" time="0.119" /><testcase classname="backend.tests.test_auth_frontend.TestRewardsSystem" name="test_rewards_balance" time="0.520" /><testcase classname="backend.tests.test_auth_frontend.TestRewardsSystem" name="test_rewards_balance_unauthorized" time="0.183" /><testcase classname="backend.tests.test_auth_frontend.TestAuthMe" name="test_get_current_user" time="0.457" /><testcase classname="backend.tests.test_auth_frontend.TestAuthMe" name="test_get_current_user_unauthorized" time="0.230" /></testsuite></testsuites>