<?xml version="1.0" encoding="utf-8"?><testsuites name="pytest tests"><testsuite name="pytest" errors="0" failures="0" skipped="0" tests="12" time="1.569" timestamp="2026-04-05T16:25:35.593630+00:00" hostname="agent-env-a4aadb27-e8f1-49ba-af5e-c030e32517b9"><testcase classname="backend.tests.test_store_launch.TestNewCoupons" name="test_welcome10_coupon_valid" time="0.193" /><testcase classname="backend.tests.test_store_launch.TestNewCoupons" name="test_sofu5_coupon_valid" time="0.146" /><testcase classname="backend.tests.test_store_launch.TestNewCoupons" name="test_gamenight_coupon_valid" time="0.103" /><testcase classname="backend.tests.test_store_launch.TestBundleProducts" name="test_products_endpoint_exists" time="0.130" /><testcase classname="backend.tests.test_store_launch.TestBundleProducts" name="test_holiday_table_bundle_exists" time="0.115" /><testcase classname="backend.tests.test_store_launch.TestBundleProducts" name="test_full_table_experience_exists" time="0.137" /><testcase classname="backend.tests.test_store_launch.TestGamePasses" name="test_game_pass_30_price" time="0.144" /><testcase classname="backend.tests.test_store_launch.TestGamePasses" name="test_game_pass_90_price" time="0.096" /><testcase classname="backend.tests.test_store_launch.TestCouponValidation" name="test_invalid_coupon_returns_false" time="0.122" /><testcase classname="backend.tests.test_store_launch.TestCouponValidation" name="test_betatest_coupon_still_works" time="0.099" /><testcase classname="backend.tests.test_store_launch.TestHealthAndBasics" name="test_api_health" time="0.116" /><testcase classname="backend.tests.test_store_launch.TestHealthAndBasics" name="test_products_endpoint_returns_data" time="0.099" /></testsuite></testsuites>