<?xml version="1.0" encoding="utf-8"?><testsuites name="pytest tests"><testsuite name="pytest" errors="0" failures="0" skipped="0" tests="5" time="2.603" timestamp="2026-04-11T02:22:03.535053+00:00" hostname="agent-env-4e7deb81-4948-4445-a46b-46bcd43833b2"><testcase classname="backend.tests.test_game_question_structure.TestGameQuestionStructure" name="test_trivia_testament_no_options" time="0.876" /><testcase classname="backend.tests.test_game_question_structure.TestGameQuestionStructure" name="test_tricky_trivia_has_options" time="0.407" /><testcase classname="backend.tests.test_game_question_structure.TestGameQuestionStructure" name="test_demo_access_limited_questions" time="0.386" /><testcase classname="backend.tests.test_game_question_structure.TestGameQuestionStructure" name="test_admin_full_access" time="0.458" /><testcase classname="backend.tests.test_game_question_structure.TestTrickyTestamentSelfScoring" name="test_game_endpoint_returns_questions" time="0.417" /></testsuite></testsuites>