<?xml version="1.0" encoding="utf-8"?><testsuites name="pytest tests"><testsuite name="pytest" errors="0" failures="0" skipped="0" tests="15" time="4.145" timestamp="2026-04-12T00:01:09.360302+00:00" hostname="agent-env-4e7deb81-4948-4445-a46b-46bcd43833b2"><testcase classname="backend.tests.test_admin_refulfill_accounts.TestAdminAuth" name="test_refulfill_requires_auth" time="0.173" /><testcase classname="backend.tests.test_admin_refulfill_accounts.TestAdminAuth" name="test_lookup_requires_auth" time="0.129" /><testcase classname="backend.tests.test_admin_refulfill_accounts.TestAdminAuth" name="test_merge_requires_auth" time="0.111" /><testcase classname="backend.tests.test_admin_refulfill_accounts.TestAdminRefulfill" name="test_refulfill_nonexistent_order_returns_404" time="0.488" /><testcase classname="backend.tests.test_admin_refulfill_accounts.TestAdminRefulfill" name="test_refulfill_unpaid_order_returns_400" time="0.139" /><testcase classname="backend.tests.test_admin_refulfill_accounts.TestAdminRefulfill" name="test_refulfill_paid_order_creates_downloads" time="0.132" /><testcase classname="backend.tests.test_admin_refulfill_accounts.TestAdminAccountLookup" name="test_lookup_returns_account_info" time="0.472" /><testcase classname="backend.tests.test_admin_refulfill_accounts.TestAdminAccountLookup" name="test_lookup_single_account_no_duplicates" time="0.117" /><testcase classname="backend.tests.test_admin_refulfill_accounts.TestAdminAccountLookup" name="test_lookup_nonexistent_email" time="0.131" /><testcase classname="backend.tests.test_admin_refulfill_accounts.TestAdminAccountMerge" name="test_merge_no_duplicates_returns_message" time="0.463" /><testcase classname="backend.tests.test_admin_refulfill_accounts.TestAdminAccountMerge" name="test_merge_requires_email" time="0.106" /><testcase classname="backend.tests.test_admin_refulfill_accounts.TestAudioAccessAfterRefulfill" name="test_audio_access_endpoint_works" time="0.106" /><testcase classname="backend.tests.test_admin_refulfill_accounts.TestAudioAccessAfterRefulfill" name="test_audio_access_after_refulfill" time="0.599" /><testcase classname="backend.tests.test_admin_refulfill_accounts.TestBundleFulfillment" name="test_bundle_expansion_in_code" time="0.288" /><testcase classname="backend.tests.test_admin_refulfill_accounts.TestRefulfillRevokesOldLinks" name="test_refulfill_twice_creates_new_links" time="0.610" /></testsuite></testsuites>