<?xml version="1.0" encoding="utf-8"?><testsuites name="pytest tests"><testsuite name="pytest" errors="0" failures="0" skipped="0" tests="26" time="3.166" timestamp="2026-04-05T12:47:43.842106+00:00" hostname="agent-env-a4aadb27-e8f1-49ba-af5e-c030e32517b9"><testcase classname="backend.tests.test_soft_launch.TestBackendProductPricing" name="test_breakfast_ae_digital_price" time="0.195" /><testcase classname="backend.tests.test_soft_launch.TestBackendProductPricing" name="test_breakfast_ae_digital_preorder" time="0.101" /><testcase classname="backend.tests.test_soft_launch.TestBackendProductPricing" name="test_breakfast_ae_paperback_price" time="0.120" /><testcase classname="backend.tests.test_soft_launch.TestBackendProductPricing" name="test_breakfast_ae_paperback_preorder" time="0.110" /><testcase classname="backend.tests.test_soft_launch.TestBackendProductPricing" name="test_breakfast_ye_digital_price" time="0.110" /><testcase classname="backend.tests.test_soft_launch.TestBackendProductPricing" name="test_breakfast_ye_digital_preorder" time="0.132" /><testcase classname="backend.tests.test_soft_launch.TestBackendProductPricing" name="test_breakfast_ye_paperback_price" time="0.106" /><testcase classname="backend.tests.test_soft_launch.TestBackendProductPricing" name="test_breakfast_ye_paperback_preorder" time="0.102" /><testcase classname="backend.tests.test_soft_launch.TestBackendProductPricing" name="test_lunch_ae_paperback_price" time="0.103" /><testcase classname="backend.tests.test_soft_launch.TestBackendProductPricing" name="test_lunch_ae_paperback_preorder" time="0.098" /><testcase classname="backend.tests.test_soft_launch.TestBackendProductPricing" name="test_lunch_ye_paperback_price" time="0.094" /><testcase classname="backend.tests.test_soft_launch.TestBackendProductPricing" name="test_lunch_ye_paperback_preorder" time="0.113" /><testcase classname="backend.tests.test_soft_launch.TestBackendProductPricing" name="test_lunch_ie_paperback_price" time="0.094" /><testcase classname="backend.tests.test_soft_launch.TestBackendProductPricing" name="test_lunch_ie_paperback_preorder" time="0.134" /><testcase classname="backend.tests.test_soft_launch.TestBackendProductPricing" name="test_holiday_ae_price" time="0.100" /><testcase classname="backend.tests.test_soft_launch.TestBackendProductPricing" name="test_holiday_ae_not_preorder" time="0.093" /><testcase classname="backend.tests.test_soft_launch.TestBackendProductPricing" name="test_holiday_ie_price" time="0.098" /><testcase classname="backend.tests.test_soft_launch.TestBackendProductPricing" name="test_holiday_ie_not_preorder" time="0.100" /><testcase classname="backend.tests.test_soft_launch.TestBackendProductPricing" name="test_snack_pack_ae_m1_price" time="0.092" /><testcase classname="backend.tests.test_soft_launch.TestBackendProductPricing" name="test_snack_pack_not_preorder" time="0.104" /><testcase classname="backend.tests.test_soft_launch.TestBackendProductPricing" name="test_nibble_ae_price" time="0.095" /><testcase classname="backend.tests.test_soft_launch.TestBackendProductPricing" name="test_nibble_not_preorder" time="0.113" /><testcase classname="backend.tests.test_soft_launch.TestBackendProductPricing" name="test_bookmarks_set_price" time="0.107" /><testcase classname="backend.tests.test_soft_launch.TestBackendProductPricing" name="test_bookmark_leather_price" time="0.111" /><testcase classname="backend.tests.test_soft_launch.TestPaymentSuccessPage" name="test_payment_success_no_session_returns_error" time="0.367" /><testcase classname="backend.tests.test_soft_launch.TestCheckoutCouponNote" name="test_coupon_validation_endpoint_exists" time="0.100" /></testsuite></testsuites>