<?xml version="1.0" encoding="utf-8"?><testsuites name="pytest tests"><testsuite name="pytest" errors="0" failures="0" skipped="0" tests="17" time="5.955" timestamp="2026-04-22T01:32:58.206307+00:00" hostname="agent-env-4e7deb81-4948-4445-a46b-46bcd43833b2"><testcase classname="backend.tests.test_admin_users_management.TestGetUsersList" name="test_get_users_requires_auth" time="0.234" /><testcase classname="backend.tests.test_admin_users_management.TestGetUsersList" name="test_get_users_returns_list" time="0.519" /><testcase classname="backend.tests.test_admin_users_management.TestGetUsersList" name="test_get_users_has_user_fields" time="0.112" /><testcase classname="backend.tests.test_admin_users_management.TestGetUsersList" name="test_get_users_filter_by_role" time="0.163" /><testcase classname="backend.tests.test_admin_users_management.TestGetUsersList" name="test_get_users_search" time="0.129" /><testcase classname="backend.tests.test_admin_users_management.TestCreateUser" name="test_create_user_requires_auth" time="0.121" /><testcase classname="backend.tests.test_admin_users_management.TestCreateUser" name="test_create_user_success" time="0.538" /><testcase classname="backend.tests.test_admin_users_management.TestCreateUser" name="test_create_user_with_password" time="0.337" /><testcase classname="backend.tests.test_admin_users_management.TestCreateUser" name="test_create_user_duplicate_email" time="0.105" /><testcase classname="backend.tests.test_admin_users_management.TestCreateUser" name="test_create_user_with_role" time="0.464" /><testcase classname="backend.tests.test_admin_users_management.TestUpdateUserRole" name="test_update_user_requires_auth" time="0.153" /><testcase classname="backend.tests.test_admin_users_management.TestUpdateUserRole" name="test_update_user_role_success" time="0.634" /><testcase classname="backend.tests.test_admin_users_management.TestUpdateUserRole" name="test_update_nonexistent_user" time="0.128" /><testcase classname="backend.tests.test_admin_users_management.TestLockUnlockUser" name="test_lock_user_success" time="0.635" /><testcase classname="backend.tests.test_admin_users_management.TestLockUnlockUser" name="test_unlock_user_success" time="0.699" /><testcase classname="backend.tests.test_admin_users_management.TestResetPassword" name="test_reset_password_success" time="0.760" /><testcase classname="backend.tests.test_admin_users_management.TestResetPassword" name="test_reset_password_nonexistent_user" time="0.133" /></testsuite></testsuites>