<?xml version="1.0" encoding="utf-8"?><testsuites name="pytest tests"><testsuite name="pytest" errors="0" failures="0" skipped="0" tests="9" time="1.737" timestamp="2026-04-08T19:58:47.286294+00:00" hostname="agent-env-23d04619-831a-424f-b9e9-682c2cb9dd9a"><testcase classname="tests.test_critical_bugs.TestLoginSessionConfig" name="test_login_returns_session_config" time="0.636" /><testcase classname="tests.test_critical_bugs.TestPasswordReset" name="test_forgot_password_returns_200" time="0.341" /><testcase classname="tests.test_critical_bugs.TestSiteURLConfig" name="test_site_url_env_var" time="0.000" /><testcase classname="tests.test_critical_bugs.TestSiteURLConfig" name="test_site_url_not_preview" time="0.000" /><testcase classname="tests.test_critical_bugs.TestGameFilesAccessibility" name="test_game_file_accessible[ie-grinch-bingo-game-pk.pdf-application/pdf]" time="0.173" /><testcase classname="tests.test_critical_bugs.TestGameFilesAccessibility" name="test_game_file_accessible[ie-grinch-bingo-card-pk.pdf-application/pdf]" time="0.155" /><testcase classname="tests.test_critical_bugs.TestGameFilesAccessibility" name="test_game_file_accessible[ie-passport-trek-game.pdf-application/pdf]" time="0.120" /><testcase classname="tests.test_critical_bugs.TestGameFilesAccessibility" name="test_game_file_accessible[map-journey-reference-index.docx-application/vnd.openxmlformats-officedocument.wordprocessingml.document]" time="0.127" /><testcase classname="tests.test_critical_bugs.TestOrderSuccessPage" name="test_order_lookup_endpoint" time="0.125" /></testsuite></testsuites>