<?xml version="1.0" encoding="utf-8"?><testsuites name="pytest tests"><testsuite name="pytest" errors="0" failures="1" skipped="0" tests="13" time="4.777" timestamp="2026-02-26T17:49:10.134435+00:00" hostname="agent-env-bb234082-d279-4214-a13b-5ebf6b54610c"><testcase classname="backend.tests.test_auth_frontend.TestBetaLogin" name="test_beta_login_instructor_success" time="0.180" /><testcase classname="backend.tests.test_auth_frontend.TestBetaLogin" name="test_beta_login_invalid_username" time="0.305" /><testcase classname="backend.tests.test_auth_frontend.TestBetaLogin" name="test_beta_login_invalid_password" time="0.134" /><testcase classname="backend.tests.test_auth_frontend.TestUserRegistration" name="test_registration_success" time="0.453" /><testcase classname="backend.tests.test_auth_frontend.TestUserRegistration" name="test_registration_duplicate_email" time="0.489" /><testcase classname="backend.tests.test_auth_frontend.TestUserRegistration" name="test_registration_weak_password" time="0.117" /><testcase classname="backend.tests.test_auth_frontend.TestUserLogin" name="test_login_with_email" time="0.810" /><testcase classname="backend.tests.test_auth_frontend.TestUserLogin" name="test_login_with_username" time="0.798" /><testcase classname="backend.tests.test_auth_frontend.TestUserLogin" name="test_login_invalid_credentials" time="0.150" /><testcase classname="backend.tests.test_auth_frontend.TestRewardsSystem" name="test_rewards_balance" time="0.582" /><testcase classname="backend.tests.test_auth_frontend.TestRewardsSystem" name="test_rewards_balance_unauthorized" time="0.172" /><testcase classname="backend.tests.test_auth_frontend.TestAuthMe" name="test_get_current_user" time="0.378"><failure message="assert 401 == 200&#10; +  where 401 = &lt;Response [401]&gt;.status_code">backend/tests/test_auth_frontend.py:201: in test_get_current_user
    assert response.status_code == 200
E   assert 401 == 200
E    +  where 401 = &lt;Response [401]&gt;.status_code</failure></testcase><testcase classname="backend.tests.test_auth_frontend.TestAuthMe" name="test_get_current_user_unauthorized" time="0.113" /></testsuite></testsuites>