<?xml version="1.0" encoding="utf-8"?><testsuites name="pytest tests"><testsuite name="pytest" errors="0" failures="0" skipped="0" tests="7" time="0.900" timestamp="2026-04-11T11:45:43.537315+00:00" hostname="agent-env-4e7deb81-4948-4445-a46b-46bcd43833b2"><testcase classname="tests.test_resend_download_links.TestResendDownloadLinksAPI" name="test_resend_links_valid_request_no_links" time="0.177" /><testcase classname="tests.test_resend_download_links.TestResendDownloadLinksAPI" name="test_resend_links_invalid_email_format" time="0.115" /><testcase classname="tests.test_resend_download_links.TestResendDownloadLinksAPI" name="test_resend_links_missing_order_id" time="0.118" /><testcase classname="tests.test_resend_download_links.TestResendDownloadLinksAPI" name="test_resend_links_missing_email" time="0.104" /><testcase classname="tests.test_resend_download_links.TestResendDownloadLinksAPI" name="test_resend_links_empty_order_id" time="0.119" /><testcase classname="tests.test_resend_download_links.TestResendDownloadLinksAPI" name="test_resend_links_response_structure" time="0.112" /><testcase classname="tests.test_resend_download_links.TestDownloadLinkInfo" name="test_link_info_returns_config" time="0.098" /></testsuite></testsuites>