<?xml version="1.0" encoding="utf-8"?><testsuites name="pytest tests"><testsuite name="pytest" errors="0" failures="0" skipped="0" tests="19" time="4.784" timestamp="2026-04-09T00:56:15.536975+00:00" hostname="agent-env-bb86914b-297a-41ce-9d3c-2bccd01fe2b8"><testcase classname="tests.test_admin_orders_resend.TestAdminAuth" name="test_admin_login_success" time="0.517" /><testcase classname="tests.test_admin_orders_resend.TestAdminOrdersList" name="test_get_orders_list_requires_auth" time="0.126" /><testcase classname="tests.test_admin_orders_resend.TestAdminOrdersList" name="test_get_orders_list_success" time="0.524" /><testcase classname="tests.test_admin_orders_resend.TestAdminOrdersList" name="test_search_orders_by_email" time="0.112" /><testcase classname="tests.test_admin_orders_resend.TestAdminOrdersList" name="test_search_orders_by_order_number" time="0.130" /><testcase classname="tests.test_admin_orders_resend.TestAdminOrderDetail" name="test_get_order_detail_requires_auth" time="0.112" /><testcase classname="tests.test_admin_orders_resend.TestAdminOrderDetail" name="test_get_order_detail_success" time="0.473" /><testcase classname="tests.test_admin_orders_resend.TestAdminOrderDetail" name="test_get_order_detail_not_found" time="0.177" /><testcase classname="tests.test_admin_orders_resend.TestAdminResendEmail" name="test_resend_email_requires_auth" time="0.154" /><testcase classname="tests.test_admin_orders_resend.TestAdminResendEmail" name="test_resend_email_success" time="0.753" /><testcase classname="tests.test_admin_orders_resend.TestAdminResendEmail" name="test_resend_email_not_found" time="0.114" /><testcase classname="tests.test_admin_orders_resend.TestAdminGrantAccess" name="test_grant_access_requires_auth" time="0.119" /><testcase classname="tests.test_admin_orders_resend.TestAdminGrantAccess" name="test_grant_access_success" time="0.475" /><testcase classname="tests.test_admin_orders_resend.TestAdminGrantAccess" name="test_grant_access_not_found" time="0.133" /><testcase classname="tests.test_admin_orders_resend.TestPublicResendAccess" name="test_resend_access_missing_fields" time="0.107" /><testcase classname="tests.test_admin_orders_resend.TestPublicResendAccess" name="test_resend_access_invalid_order" time="0.110" /><testcase classname="tests.test_admin_orders_resend.TestPublicResendAccess" name="test_resend_access_wrong_email" time="0.125" /><testcase classname="tests.test_admin_orders_resend.TestPublicResendAccess" name="test_resend_access_rate_limit" time="0.115" /><testcase classname="tests.test_admin_orders_resend.TestPublicResendAccessSuccess" name="test_resend_access_success_alt_order" time="0.325" /></testsuite></testsuites>