<?xml version="1.0" encoding="utf-8"?><testsuites name="pytest tests"><testsuite name="pytest" errors="0" failures="0" skipped="0" tests="20" time="2.037" timestamp="2026-05-26T02:22:13.092166+00:00" hostname="agent-env-c8b88a3e-e863-4126-aca8-d0649e76c409"><testcase classname="backend.tests.test_coupon_hardening_pwa" name="test_leaked_codes_rejected[BETATEST]" time="0.177" /><testcase classname="backend.tests.test_coupon_hardening_pwa" name="test_leaked_codes_rejected[DOLLARTEST]" time="0.050" /><testcase classname="backend.tests.test_coupon_hardening_pwa" name="test_leaked_codes_rejected[Beta1!2!3!]" time="0.070" /><testcase classname="backend.tests.test_coupon_hardening_pwa" name="test_leaked_codes_rejected[Beta123abc]" time="0.048" /><testcase classname="backend.tests.test_coupon_hardening_pwa" name="test_leaked_codes_rejected[Beta123abcd]" time="0.067" /><testcase classname="backend.tests.test_coupon_hardening_pwa" name="test_leaked_codes_rejected[TESTII]" time="0.050" /><testcase classname="backend.tests.test_coupon_hardening_pwa" name="test_leaked_codes_rejected[test123]" time="0.050" /><testcase classname="backend.tests.test_coupon_hardening_pwa" name="test_leaked_codes_rejected[test1234]" time="0.048" /><testcase classname="backend.tests.test_coupon_hardening_pwa" name="test_leaked_codes_rejected[test12345]" time="0.051" /><testcase classname="backend.tests.test_coupon_hardening_pwa" name="test_internal_test_coupon_overrides_cart_to_one_dollar" time="0.066" /><testcase classname="backend.tests.test_coupon_hardening_pwa" name="test_welcome10_still_valid" time="0.047" /><testcase classname="backend.tests.test_coupon_hardening_pwa" name="test_welcome10_no_spend_cap_on_large_cart" time="0.045" /><testcase classname="backend.tests.test_coupon_hardening_pwa" name="test_contributor_coupon_soulx1079" time="0.067" /><testcase classname="backend.tests.test_coupon_hardening_pwa" name="test_book10_min_quantity_blocked" time="0.054" /><testcase classname="backend.tests.test_coupon_hardening_pwa" name="test_book10_min_quantity_allowed" time="0.061" /><testcase classname="backend.tests.test_coupon_hardening_pwa" name="test_admin_harden_endpoint" time="0.418" /><testcase classname="backend.tests.test_coupon_hardening_pwa" name="test_admin_toggle_non_test_coupon" time="0.200" /><testcase classname="backend.tests.test_coupon_hardening_pwa" name="test_manifest_json" time="0.114" /><testcase classname="backend.tests.test_coupon_hardening_pwa" name="test_service_worker_js" time="0.165" /><testcase classname="backend.tests.test_coupon_hardening_pwa" name="test_index_html_pwa_tags" time="0.112" /></testsuite></testsuites>